nohup: ignoring input
2025-09-29 23:07:08 - mosip_ocr - INFO - setup_logger:87 - Logger 'mosip_ocr' initialized with level INFO
2025-09-29 23:07:08 - mosip_ocr.api - INFO - setup_logger:87 - Logger 'mosip_ocr.api' initialized with level INFO
2025-09-29 23:07:08 - mosip_ocr.main - INFO - setup_logger:87 - Logger 'mosip_ocr.main' initialized with level INFO
INFO:     Started server process [39775]
INFO:     Waiting for application startup.
INFO:     Application startup complete.
INFO:     Uvicorn running on http://0.0.0.0:8000 (Press CTRL+C to quit)
2025-09-29 23:07:26 - mosip_ocr.preprocessor - INFO - __init__:33 - ImagePreprocessor initialized with settings: contrast=True, denoise=True, resize_factor=2.0, auto_rotate=True
2025-09-29 23:07:26 - mosip_ocr.engine - INFO - _initialize_reader:95 - Initializing EasyOCR reader...
Using CPU. Note: This module is much faster with a GPU.
2025-09-29 23:07:28 - mosip_ocr.engine - INFO - _initialize_reader:111 - EasyOCR reader initialized successfully in 1.88 seconds
2025-09-29 23:07:28 - mosip_ocr.engine - INFO - __init__:89 - OCR Engine initialized with languages: ['en'], GPU: False, threshold: 0.8
2025-09-29 23:07:28 - mosip_ocr.api - INFO - get_ocr_engine:38 - OCR Engine initialized for API
2025-09-29 23:07:28 - mosip_ocr.validator - INFO - __init__:199 - TextValidator initialized with 2 rules
2025-09-29 23:07:28 - mosip_ocr.api - INFO - get_text_validator:46 - Text Validator initialized for API
INFO:     119.161.98.68:0 - "GET /api/v1/health HTTP/1.1" 200 OK
INFO:     119.161.98.68:0 - "GET /api/v1/languages HTTP/1.1" 200 OK
INFO:     119.161.98.68:0 - "POST /api/v1/ocr/validate HTTP/1.1" 200 OK
/home/pilot/Desktop/MOSIP/venv/lib/python3.13/site-packages/torch/utils/data/dataloader.py:666: UserWarning: 'pin_memory' argument is set as true but no accelerator is found, then device pinned memory won't be used.
  warnings.warn(warn_msg)
2025-09-29 23:07:47 - mosip_ocr.engine - INFO - extract_text:161 - Text extraction completed in 3.31 seconds, found 4 text regions
2025-09-29 23:07:47 - mosip_ocr.engine - INFO - extract_text:193 - Extracted 4 valid text regions above threshold 0.7
2025-09-29 23:07:47 - mosip_ocr.api - INFO - extract_text:125 - OCR extraction completed: 4 blocks in 3.32s
INFO:     119.161.98.68:0 - "POST /api/v1/ocr/extract HTTP/1.1" 200 OK
/home/pilot/Desktop/MOSIP/venv/lib/python3.13/site-packages/torch/utils/data/dataloader.py:666: UserWarning: 'pin_memory' argument is set as true but no accelerator is found, then device pinned memory won't be used.
  warnings.warn(warn_msg)
2025-09-29 23:07:48 - mosip_ocr.engine - INFO - extract_text:161 - Text extraction completed in 0.23 seconds, found 4 text regions
2025-09-29 23:07:48 - mosip_ocr.engine - INFO - extract_text:193 - Extracted 4 valid text regions above threshold 0.7
2025-09-29 23:07:48 - mosip_ocr.api - INFO - process_document:264 - Document processing completed: 4/4 valid blocks
INFO:     119.161.98.68:0 - "POST /api/v1/document/process HTTP/1.1" 200 OK
